<?xml version="1.0" encoding="UTF-8"?>
<testng-results skipped="0" failed="0" total="1" passed="1">
  <reporter-output>
  </reporter-output>
  <suite name="Suite" duration-ms="12226" started-at="2016-02-25T03:40:03Z" finished-at="2016-02-25T03:40:15Z">
    <groups>
    </groups>
    <test name="Test" duration-ms="12226" started-at="2016-02-25T03:40:03Z" finished-at="2016-02-25T03:40:15Z">
      <class name="Jenkins.DemoJob">
        <test-method status="PASS" signature="demoJob()[pri:0, instance:Jenkins.DemoJob@28864e92]" name="demoJob" duration-ms="12213" started-at="2016-02-24T21:40:03Z" finished-at="2016-02-24T21:40:15Z">
          <reporter-output>
          </reporter-output>
        </test-method> <!-- demoJob -->
      </class> <!-- Jenkins.DemoJob -->
    </test> <!-- Test -->
  </suite> <!-- Suite -->
</testng-results>
